<?xml version="1.0" encoding="UTF-8"?>
<testsuite xmlns:xsi="http://www.w3.org/2001/XMLSchema-instance" xsi:noNamespaceSchemaLocation="https://maven.apache.org/surefire/maven-surefire-plugin/xsd/surefire-test-report-3.0.xsd" version="3.0" name="br.com.dreerd.bank.hyper.controller.AddressControllerTest" time="1.628" tests="9" errors="0" skipped="0" failures="0">
  <properties>
    <property name="sonar.projectName" value="&apos;Bank"/>
    <property name="java.specification.version" value="22"/>
    <property name="sonar.host.url" value="http://localhost:9000"/>
    <property name="sun.jnu.encoding" value="UTF-8"/>
    <property name="java.class.path" value="/Volumes/HD EXTERNO/projetos/java/Hyper/target/test-classes:/Volumes/HD EXTERNO/projetos/java/Hyper/target/classes:/Users/douglasdreer/.m2/repository/org/springframework/boot/spring-boot-starter-data-jpa/3.3.1/spring-boot-starter-data-jpa-3.3.1.jar:/Users/douglasdreer/.m2/repository/org/springframework/boot/spring-boot-starter-aop/3.3.1/spring-boot-starter-aop-3.3.1.jar:/Users/douglasdreer/.m2/repository/org/springframework/spring-aop/6.1.10/spring-aop-6.1.10.jar:/Users/douglasdreer/.m2/repository/org/aspectj/aspectjweaver/1.9.22/aspectjweaver-1.9.22.jar:/Users/douglasdreer/.m2/repository/org/springframework/boot/spring-boot-starter-jdbc/3.3.1/spring-boot-starter-jdbc-3.3.1.jar:/Users/douglasdreer/.m2/repository/com/zaxxer/HikariCP/5.1.0/HikariCP-5.1.0.jar:/Users/douglasdreer/.m2/repository/org/springframework/spring-jdbc/6.1.10/spring-jdbc-6.1.10.jar:/Users/douglasdreer/.m2/repository/org/hibernate/orm/hibernate-core/6.5.2.Final/hibernate-core-6.5.2.Final.jar:/Users/douglasdreer/.m2/repository/jakarta/persistence/jakarta.persistence-api/3.1.0/jakarta.persistence-api-3.1.0.jar:/Users/douglasdreer/.m2/repository/jakarta/transaction/jakarta.transaction-api/2.0.1/jakarta.transaction-api-2.0.1.jar:/Users/douglasdreer/.m2/repository/org/jboss/logging/jboss-logging/3.5.3.Final/jboss-logging-3.5.3.Final.jar:/Users/douglasdreer/.m2/repository/org/hibernate/common/hibernate-commons-annotations/6.0.6.Final/hibernate-commons-annotations-6.0.6.Final.jar:/Users/douglasdreer/.m2/repository/io/smallrye/jandex/3.1.2/jandex-3.1.2.jar:/Users/douglasdreer/.m2/repository/com/fasterxml/classmate/1.7.0/classmate-1.7.0.jar:/Users/douglasdreer/.m2/repository/net/bytebuddy/byte-buddy/1.14.17/byte-buddy-1.14.17.jar:/Users/douglasdreer/.m2/repository/org/glassfish/jaxb/jaxb-runtime/4.0.5/jaxb-runtime-4.0.5.jar:/Users/douglasdreer/.m2/repository/org/glassfish/jaxb/jaxb-core/4.0.5/jaxb-core-4.0.5.jar:/Users/douglasdreer/.m2/repository/org/eclipse/angus/angus-activation/2.0.2/angus-activation-2.0.2.jar:/Users/douglasdreer/.m2/repository/org/glassfish/jaxb/txw2/4.0.5/txw2-4.0.5.jar:/Users/douglasdreer/.m2/repository/com/sun/istack/istack-commons-runtime/4.1.2/istack-commons-runtime-4.1.2.jar:/Users/douglasdreer/.m2/repository/jakarta/inject/jakarta.inject-api/2.0.1/jakarta.inject-api-2.0.1.jar:/Users/douglasdreer/.m2/repository/org/antlr/antlr4-runtime/4.13.0/antlr4-runtime-4.13.0.jar:/Users/douglasdreer/.m2/repository/org/springframework/data/spring-data-jpa/3.3.1/spring-data-jpa-3.3.1.jar:/Users/douglasdreer/.m2/repository/org/springframework/data/spring-data-commons/3.3.1/spring-data-commons-3.3.1.jar:/Users/douglasdreer/.m2/repository/org/springframework/spring-orm/6.1.10/spring-orm-6.1.10.jar:/Users/douglasdreer/.m2/repository/org/springframework/spring-context/6.1.10/spring-context-6.1.10.jar:/Users/douglasdreer/.m2/repository/org/springframework/spring-tx/6.1.10/spring-tx-6.1.10.jar:/Users/douglasdreer/.m2/repository/org/springframework/spring-beans/6.1.10/spring-beans-6.1.10.jar:/Users/douglasdreer/.m2/repository/jakarta/annotation/jakarta.annotation-api/2.1.1/jakarta.annotation-api-2.1.1.jar:/Users/douglasdreer/.m2/repository/org/slf4j/slf4j-api/2.0.13/slf4j-api-2.0.13.jar:/Users/douglasdreer/.m2/repository/org/springframework/spring-aspects/6.1.10/spring-aspects-6.1.10.jar:/Users/douglasdreer/.m2/repository/org/springframework/boot/spring-boot-starter-web/3.3.1/spring-boot-starter-web-3.3.1.jar:/Users/douglasdreer/.m2/repository/org/springframework/boot/spring-boot-starter/3.3.1/spring-boot-starter-3.3.1.jar:/Users/douglasdreer/.m2/repository/org/springframework/boot/spring-boot-starter-logging/3.3.1/spring-boot-starter-logging-3.3.1.jar:/Users/douglasdreer/.m2/repository/ch/qos/logback/logback-classic/1.5.6/logback-classic-1.5.6.jar:/Users/douglasdreer/.m2/repository/ch/qos/logback/logback-core/1.5.6/logback-core-1.5.6.jar:/Users/douglasdreer/.m2/repository/org/apache/logging/log4j/log4j-to-slf4j/2.23.1/log4j-to-slf4j-2.23.1.jar:/Users/douglasdreer/.m2/repository/org/apache/logging/log4j/log4j-api/2.23.1/log4j-api-2.23.1.jar:/Users/douglasdreer/.m2/repository/org/slf4j/jul-to-slf4j/2.0.13/jul-to-slf4j-2.0.13.jar:/Users/douglasdreer/.m2/repository/org/yaml/snakeyaml/2.2/snakeyaml-2.2.jar:/Users/douglasdreer/.m2/repository/org/springframework/boot/spring-boot-starter-json/3.3.1/spring-boot-starter-json-3.3.1.jar:/Users/douglasdreer/.m2/repository/com/fasterxml/jackson/core/jackson-databind/2.17.1/jackson-databind-2.17.1.jar:/Users/douglasdreer/.m2/repository/com/fasterxml/jackson/core/jackson-annotations/2.17.1/jackson-annotations-2.17.1.jar:/Users/douglasdreer/.m2/repository/com/fasterxml/jackson/core/jackson-core/2.17.1/jackson-core-2.17.1.jar:/Users/douglasdreer/.m2/repository/com/fasterxml/jackson/datatype/jackson-datatype-jdk8/2.17.1/jackson-datatype-jdk8-2.17.1.jar:/Users/douglasdreer/.m2/repository/com/fasterxml/jackson/datatype/jackson-datatype-jsr310/2.17.1/jackson-datatype-jsr310-2.17.1.jar:/Users/douglasdreer/.m2/repository/com/fasterxml/jackson/module/jackson-module-parameter-names/2.17.1/jackson-module-parameter-names-2.17.1.jar:/Users/douglasdreer/.m2/repository/org/springframework/boot/spring-boot-starter-tomcat/3.3.1/spring-boot-starter-tomcat-3.3.1.jar:/Users/douglasdreer/.m2/repository/org/apache/tomcat/embed/tomcat-embed-core/10.1.25/tomcat-embed-core-10.1.25.jar:/Users/douglasdreer/.m2/repository/org/apache/tomcat/embed/tomcat-embed-el/10.1.25/tomcat-embed-el-10.1.25.jar:/Users/douglasdreer/.m2/repository/org/apache/tomcat/embed/tomcat-embed-websocket/10.1.25/tomcat-embed-websocket-10.1.25.jar:/Users/douglasdreer/.m2/repository/org/springframework/spring-web/6.1.10/spring-web-6.1.10.jar:/Users/douglasdreer/.m2/repository/io/micrometer/micrometer-observation/1.13.1/micrometer-observation-1.13.1.jar:/Users/douglasdreer/.m2/repository/io/micrometer/micrometer-commons/1.13.1/micrometer-commons-1.13.1.jar:/Users/douglasdreer/.m2/repository/org/springframework/spring-webmvc/6.1.10/spring-webmvc-6.1.10.jar:/Users/douglasdreer/.m2/repository/org/springframework/spring-expression/6.1.10/spring-expression-6.1.10.jar:/Users/douglasdreer/.m2/repository/org/springframework/boot/spring-boot-devtools/3.3.1/spring-boot-devtools-3.3.1.jar:/Users/douglasdreer/.m2/repository/org/springframework/boot/spring-boot/3.3.1/spring-boot-3.3.1.jar:/Users/douglasdreer/.m2/repository/org/springframework/boot/spring-boot-autoconfigure/3.3.1/spring-boot-autoconfigure-3.3.1.jar:/Users/douglasdreer/.m2/repository/com/h2database/h2/2.2.224/h2-2.2.224.jar:/Users/douglasdreer/.m2/repository/org/projectlombok/lombok/1.18.32/lombok-1.18.32.jar:/Users/douglasdreer/.m2/repository/org/springframework/boot/spring-boot-starter-test/3.3.1/spring-boot-starter-test-3.3.1.jar:/Users/douglasdreer/.m2/repository/org/springframework/boot/spring-boot-test/3.3.1/spring-boot-test-3.3.1.jar:/Users/douglasdreer/.m2/repository/org/springframework/boot/spring-boot-test-autoconfigure/3.3.1/spring-boot-test-autoconfigure-3.3.1.jar:/Users/douglasdreer/.m2/repository/com/jayway/jsonpath/json-path/2.9.0/json-path-2.9.0.jar:/Users/douglasdreer/.m2/repository/jakarta/xml/bind/jakarta.xml.bind-api/4.0.2/jakarta.xml.bind-api-4.0.2.jar:/Users/douglasdreer/.m2/repository/jakarta/activation/jakarta.activation-api/2.1.3/jakarta.activation-api-2.1.3.jar:/Users/douglasdreer/.m2/repository/net/minidev/json-smart/2.5.1/json-smart-2.5.1.jar:/Users/douglasdreer/.m2/repository/net/minidev/accessors-smart/2.5.1/accessors-smart-2.5.1.jar:/Users/douglasdreer/.m2/repository/org/ow2/asm/asm/9.6/asm-9.6.jar:/Users/douglasdreer/.m2/repository/org/assertj/assertj-core/3.25.3/assertj-core-3.25.3.jar:/Users/douglasdreer/.m2/repository/org/awaitility/awaitility/4.2.1/awaitility-4.2.1.jar:/Users/douglasdreer/.m2/repository/org/hamcrest/hamcrest/2.2/hamcrest-2.2.jar:/Users/douglasdreer/.m2/repository/org/junit/jupiter/junit-jupiter/5.10.2/junit-jupiter-5.10.2.jar:/Users/douglasdreer/.m2/repository/org/junit/jupiter/junit-jupiter-api/5.10.2/junit-jupiter-api-5.10.2.jar:/Users/douglasdreer/.m2/repository/org/opentest4j/opentest4j/1.3.0/opentest4j-1.3.0.jar:/Users/douglasdreer/.m2/repository/org/junit/platform/junit-platform-commons/1.10.2/junit-platform-commons-1.10.2.jar:/Users/douglasdreer/.m2/repository/org/apiguardian/apiguardian-api/1.1.2/apiguardian-api-1.1.2.jar:/Users/douglasdreer/.m2/repository/org/junit/jupiter/junit-jupiter-params/5.10.2/junit-jupiter-params-5.10.2.jar:/Users/douglasdreer/.m2/repository/org/junit/jupiter/junit-jupiter-engine/5.10.2/junit-jupiter-engine-5.10.2.jar:/Users/douglasdreer/.m2/repository/org/junit/platform/junit-platform-engine/1.10.2/junit-platform-engine-1.10.2.jar:/Users/douglasdreer/.m2/repository/org/mockito/mockito-core/5.11.0/mockito-core-5.11.0.jar:/Users/douglasdreer/.m2/repository/net/bytebuddy/byte-buddy-agent/1.14.17/byte-buddy-agent-1.14.17.jar:/Users/douglasdreer/.m2/repository/org/objenesis/objenesis/3.3/objenesis-3.3.jar:/Users/douglasdreer/.m2/repository/org/mockito/mockito-junit-jupiter/5.11.0/mockito-junit-jupiter-5.11.0.jar:/Users/douglasdreer/.m2/repository/org/skyscreamer/jsonassert/1.5.1/jsonassert-1.5.1.jar:/Users/douglasdreer/.m2/repository/com/vaadin/external/google/android-json/0.0.20131108.vaadin1/android-json-0.0.20131108.vaadin1.jar:/Users/douglasdreer/.m2/repository/org/springframework/spring-core/6.1.10/spring-core-6.1.10.jar:/Users/douglasdreer/.m2/repository/org/springframework/spring-jcl/6.1.10/spring-jcl-6.1.10.jar:/Users/douglasdreer/.m2/repository/org/springframework/spring-test/6.1.10/spring-test-6.1.10.jar:/Users/douglasdreer/.m2/repository/org/xmlunit/xmlunit-core/2.9.1/xmlunit-core-2.9.1.jar:/Users/douglasdreer/.m2/repository/org/modelmapper/extensions/modelmapper-spring/3.2.0/modelmapper-spring-3.2.0.jar:/Users/douglasdreer/.m2/repository/org/modelmapper/modelmapper/3.2.0/modelmapper-3.2.0.jar:/Users/douglasdreer/.m2/repository/org/sonarsource/scanner/maven/sonar-maven-plugin/4.0.0.4121/sonar-maven-plugin-4.0.0.4121.jar:/Users/douglasdreer/.m2/repository/org/sonatype/plexus/plexus-sec-dispatcher/1.4/plexus-sec-dispatcher-1.4.jar:/Users/douglasdreer/.m2/repository/org/codehaus/plexus/plexus-utils/1.5.5/plexus-utils-1.5.5.jar:/Users/douglasdreer/.m2/repository/org/sonatype/plexus/plexus-cipher/1.4/plexus-cipher-1.4.jar:/Users/douglasdreer/.m2/repository/org/sonarsource/scanner/api/sonar-scanner-api/2.16.3.1081/sonar-scanner-api-2.16.3.1081.jar:/Users/douglasdreer/.m2/repository/commons-lang/commons-lang/2.6/commons-lang-2.6.jar:/Users/douglasdreer/.m2/repository/org/jetbrains/annotations/24.1.0/annotations-24.1.0.jar:/Users/douglasdreer/.m2/repository/org/postgresql/postgresql/42.7.3/postgresql-42.7.3.jar:/Users/douglasdreer/.m2/repository/org/checkerframework/checker-qual/3.42.0/checker-qual-3.42.0.jar:"/>
    <property name="java.vm.vendor" value="Oracle Corporation"/>
    <property name="sun.arch.data.model" value="64"/>
    <property name="java.vendor.url" value="https://java.oracle.com/"/>
    <property name="user.timezone" value="America/Sao_Paulo"/>
    <property name="org.jboss.logging.provider" value="slf4j"/>
    <property name="os.name" value="Mac OS X"/>
    <property name="java.vm.specification.version" value="22"/>
    <property name="sun.java.launcher" value="SUN_STANDARD"/>
    <property name="user.country" value="BR"/>
    <property name="sun.boot.library.path" value="/Users/douglasdreer/Library/Java/JavaVirtualMachines/openjdk-22.0.1/Contents/Home/lib"/>
    <property name="sun.java.command" value="/Volumes/HD EXTERNO/projetos/java/Hyper/target/surefire/surefirebooter-20240821235736461_3.jar /Volumes/HD EXTERNO/projetos/java/Hyper/target/surefire 2024-08-21T23-57-36_379-jvmRun1 surefire-20240821235736461_1tmp surefire_0-20240821235736461_2tmp"/>
    <property name="http.nonProxyHosts" value="local|*.local|169.254/16|*.169.254/16"/>
    <property name="jdk.debug" value="release"/>
    <property name="surefire.test.class.path" value="/Volumes/HD EXTERNO/projetos/java/Hyper/target/test-classes:/Volumes/HD EXTERNO/projetos/java/Hyper/target/classes:/Users/douglasdreer/.m2/repository/org/springframework/boot/spring-boot-starter-data-jpa/3.3.1/spring-boot-starter-data-jpa-3.3.1.jar:/Users/douglasdreer/.m2/repository/org/springframework/boot/spring-boot-starter-aop/3.3.1/spring-boot-starter-aop-3.3.1.jar:/Users/douglasdreer/.m2/repository/org/springframework/spring-aop/6.1.10/spring-aop-6.1.10.jar:/Users/douglasdreer/.m2/repository/org/aspectj/aspectjweaver/1.9.22/aspectjweaver-1.9.22.jar:/Users/douglasdreer/.m2/repository/org/springframework/boot/spring-boot-starter-jdbc/3.3.1/spring-boot-starter-jdbc-3.3.1.jar:/Users/douglasdreer/.m2/repository/com/zaxxer/HikariCP/5.1.0/HikariCP-5.1.0.jar:/Users/douglasdreer/.m2/repository/org/springframework/spring-jdbc/6.1.10/spring-jdbc-6.1.10.jar:/Users/douglasdreer/.m2/repository/org/hibernate/orm/hibernate-core/6.5.2.Final/hibernate-core-6.5.2.Final.jar:/Users/douglasdreer/.m2/repository/jakarta/persistence/jakarta.persistence-api/3.1.0/jakarta.persistence-api-3.1.0.jar:/Users/douglasdreer/.m2/repository/jakarta/transaction/jakarta.transaction-api/2.0.1/jakarta.transaction-api-2.0.1.jar:/Users/douglasdreer/.m2/repository/org/jboss/logging/jboss-logging/3.5.3.Final/jboss-logging-3.5.3.Final.jar:/Users/douglasdreer/.m2/repository/org/hibernate/common/hibernate-commons-annotations/6.0.6.Final/hibernate-commons-annotations-6.0.6.Final.jar:/Users/douglasdreer/.m2/repository/io/smallrye/jandex/3.1.2/jandex-3.1.2.jar:/Users/douglasdreer/.m2/repository/com/fasterxml/classmate/1.7.0/classmate-1.7.0.jar:/Users/douglasdreer/.m2/repository/net/bytebuddy/byte-buddy/1.14.17/byte-buddy-1.14.17.jar:/Users/douglasdreer/.m2/repository/org/glassfish/jaxb/jaxb-runtime/4.0.5/jaxb-runtime-4.0.5.jar:/Users/douglasdreer/.m2/repository/org/glassfish/jaxb/jaxb-core/4.0.5/jaxb-core-4.0.5.jar:/Users/douglasdreer/.m2/repository/org/eclipse/angus/angus-activation/2.0.2/angus-activation-2.0.2.jar:/Users/douglasdreer/.m2/repository/org/glassfish/jaxb/txw2/4.0.5/txw2-4.0.5.jar:/Users/douglasdreer/.m2/repository/com/sun/istack/istack-commons-runtime/4.1.2/istack-commons-runtime-4.1.2.jar:/Users/douglasdreer/.m2/repository/jakarta/inject/jakarta.inject-api/2.0.1/jakarta.inject-api-2.0.1.jar:/Users/douglasdreer/.m2/repository/org/antlr/antlr4-runtime/4.13.0/antlr4-runtime-4.13.0.jar:/Users/douglasdreer/.m2/repository/org/springframework/data/spring-data-jpa/3.3.1/spring-data-jpa-3.3.1.jar:/Users/douglasdreer/.m2/repository/org/springframework/data/spring-data-commons/3.3.1/spring-data-commons-3.3.1.jar:/Users/douglasdreer/.m2/repository/org/springframework/spring-orm/6.1.10/spring-orm-6.1.10.jar:/Users/douglasdreer/.m2/repository/org/springframework/spring-context/6.1.10/spring-context-6.1.10.jar:/Users/douglasdreer/.m2/repository/org/springframework/spring-tx/6.1.10/spring-tx-6.1.10.jar:/Users/douglasdreer/.m2/repository/org/springframework/spring-beans/6.1.10/spring-beans-6.1.10.jar:/Users/douglasdreer/.m2/repository/jakarta/annotation/jakarta.annotation-api/2.1.1/jakarta.annotation-api-2.1.1.jar:/Users/douglasdreer/.m2/repository/org/slf4j/slf4j-api/2.0.13/slf4j-api-2.0.13.jar:/Users/douglasdreer/.m2/repository/org/springframework/spring-aspects/6.1.10/spring-aspects-6.1.10.jar:/Users/douglasdreer/.m2/repository/org/springframework/boot/spring-boot-starter-web/3.3.1/spring-boot-starter-web-3.3.1.jar:/Users/douglasdreer/.m2/repository/org/springframework/boot/spring-boot-starter/3.3.1/spring-boot-starter-3.3.1.jar:/Users/douglasdreer/.m2/repository/org/springframework/boot/spring-boot-starter-logging/3.3.1/spring-boot-starter-logging-3.3.1.jar:/Users/douglasdreer/.m2/repository/ch/qos/logback/logback-classic/1.5.6/logback-classic-1.5.6.jar:/Users/douglasdreer/.m2/repository/ch/qos/logback/logback-core/1.5.6/logback-core-1.5.6.jar:/Users/douglasdreer/.m2/repository/org/apache/logging/log4j/log4j-to-slf4j/2.23.1/log4j-to-slf4j-2.23.1.jar:/Users/douglasdreer/.m2/repository/org/apache/logging/log4j/log4j-api/2.23.1/log4j-api-2.23.1.jar:/Users/douglasdreer/.m2/repository/org/slf4j/jul-to-slf4j/2.0.13/jul-to-slf4j-2.0.13.jar:/Users/douglasdreer/.m2/repository/org/yaml/snakeyaml/2.2/snakeyaml-2.2.jar:/Users/douglasdreer/.m2/repository/org/springframework/boot/spring-boot-starter-json/3.3.1/spring-boot-starter-json-3.3.1.jar:/Users/douglasdreer/.m2/repository/com/fasterxml/jackson/core/jackson-databind/2.17.1/jackson-databind-2.17.1.jar:/Users/douglasdreer/.m2/repository/com/fasterxml/jackson/core/jackson-annotations/2.17.1/jackson-annotations-2.17.1.jar:/Users/douglasdreer/.m2/repository/com/fasterxml/jackson/core/jackson-core/2.17.1/jackson-core-2.17.1.jar:/Users/douglasdreer/.m2/repository/com/fasterxml/jackson/datatype/jackson-datatype-jdk8/2.17.1/jackson-datatype-jdk8-2.17.1.jar:/Users/douglasdreer/.m2/repository/com/fasterxml/jackson/datatype/jackson-datatype-jsr310/2.17.1/jackson-datatype-jsr310-2.17.1.jar:/Users/douglasdreer/.m2/repository/com/fasterxml/jackson/module/jackson-module-parameter-names/2.17.1/jackson-module-parameter-names-2.17.1.jar:/Users/douglasdreer/.m2/repository/org/springframework/boot/spring-boot-starter-tomcat/3.3.1/spring-boot-starter-tomcat-3.3.1.jar:/Users/douglasdreer/.m2/repository/org/apache/tomcat/embed/tomcat-embed-core/10.1.25/tomcat-embed-core-10.1.25.jar:/Users/douglasdreer/.m2/repository/org/apache/tomcat/embed/tomcat-embed-el/10.1.25/tomcat-embed-el-10.1.25.jar:/Users/douglasdreer/.m2/repository/org/apache/tomcat/embed/tomcat-embed-websocket/10.1.25/tomcat-embed-websocket-10.1.25.jar:/Users/douglasdreer/.m2/repository/org/springframework/spring-web/6.1.10/spring-web-6.1.10.jar:/Users/douglasdreer/.m2/repository/io/micrometer/micrometer-observation/1.13.1/micrometer-observation-1.13.1.jar:/Users/douglasdreer/.m2/repository/io/micrometer/micrometer-commons/1.13.1/micrometer-commons-1.13.1.jar:/Users/douglasdreer/.m2/repository/org/springframework/spring-webmvc/6.1.10/spring-webmvc-6.1.10.jar:/Users/douglasdreer/.m2/repository/org/springframework/spring-expression/6.1.10/spring-expression-6.1.10.jar:/Users/douglasdreer/.m2/repository/org/springframework/boot/spring-boot-devtools/3.3.1/spring-boot-devtools-3.3.1.jar:/Users/douglasdreer/.m2/repository/org/springframework/boot/spring-boot/3.3.1/spring-boot-3.3.1.jar:/Users/douglasdreer/.m2/repository/org/springframework/boot/spring-boot-autoconfigure/3.3.1/spring-boot-autoconfigure-3.3.1.jar:/Users/douglasdreer/.m2/repository/com/h2database/h2/2.2.224/h2-2.2.224.jar:/Users/douglasdreer/.m2/repository/org/projectlombok/lombok/1.18.32/lombok-1.18.32.jar:/Users/douglasdreer/.m2/repository/org/springframework/boot/spring-boot-starter-test/3.3.1/spring-boot-starter-test-3.3.1.jar:/Users/douglasdreer/.m2/repository/org/springframework/boot/spring-boot-test/3.3.1/spring-boot-test-3.3.1.jar:/Users/douglasdreer/.m2/repository/org/springframework/boot/spring-boot-test-autoconfigure/3.3.1/spring-boot-test-autoconfigure-3.3.1.jar:/Users/douglasdreer/.m2/repository/com/jayway/jsonpath/json-path/2.9.0/json-path-2.9.0.jar:/Users/douglasdreer/.m2/repository/jakarta/xml/bind/jakarta.xml.bind-api/4.0.2/jakarta.xml.bind-api-4.0.2.jar:/Users/douglasdreer/.m2/repository/jakarta/activation/jakarta.activation-api/2.1.3/jakarta.activation-api-2.1.3.jar:/Users/douglasdreer/.m2/repository/net/minidev/json-smart/2.5.1/json-smart-2.5.1.jar:/Users/douglasdreer/.m2/repository/net/minidev/accessors-smart/2.5.1/accessors-smart-2.5.1.jar:/Users/douglasdreer/.m2/repository/org/ow2/asm/asm/9.6/asm-9.6.jar:/Users/douglasdreer/.m2/repository/org/assertj/assertj-core/3.25.3/assertj-core-3.25.3.jar:/Users/douglasdreer/.m2/repository/org/awaitility/awaitility/4.2.1/awaitility-4.2.1.jar:/Users/douglasdreer/.m2/repository/org/hamcrest/hamcrest/2.2/hamcrest-2.2.jar:/Users/douglasdreer/.m2/repository/org/junit/jupiter/junit-jupiter/5.10.2/junit-jupiter-5.10.2.jar:/Users/douglasdreer/.m2/repository/org/junit/jupiter/junit-jupiter-api/5.10.2/junit-jupiter-api-5.10.2.jar:/Users/douglasdreer/.m2/repository/org/opentest4j/opentest4j/1.3.0/opentest4j-1.3.0.jar:/Users/douglasdreer/.m2/repository/org/junit/platform/junit-platform-commons/1.10.2/junit-platform-commons-1.10.2.jar:/Users/douglasdreer/.m2/repository/org/apiguardian/apiguardian-api/1.1.2/apiguardian-api-1.1.2.jar:/Users/douglasdreer/.m2/repository/org/junit/jupiter/junit-jupiter-params/5.10.2/junit-jupiter-params-5.10.2.jar:/Users/douglasdreer/.m2/repository/org/junit/jupiter/junit-jupiter-engine/5.10.2/junit-jupiter-engine-5.10.2.jar:/Users/douglasdreer/.m2/repository/org/junit/platform/junit-platform-engine/1.10.2/junit-platform-engine-1.10.2.jar:/Users/douglasdreer/.m2/repository/org/mockito/mockito-core/5.11.0/mockito-core-5.11.0.jar:/Users/douglasdreer/.m2/repository/net/bytebuddy/byte-buddy-agent/1.14.17/byte-buddy-agent-1.14.17.jar:/Users/douglasdreer/.m2/repository/org/objenesis/objenesis/3.3/objenesis-3.3.jar:/Users/douglasdreer/.m2/repository/org/mockito/mockito-junit-jupiter/5.11.0/mockito-junit-jupiter-5.11.0.jar:/Users/douglasdreer/.m2/repository/org/skyscreamer/jsonassert/1.5.1/jsonassert-1.5.1.jar:/Users/douglasdreer/.m2/repository/com/vaadin/external/google/android-json/0.0.20131108.vaadin1/android-json-0.0.20131108.vaadin1.jar:/Users/douglasdreer/.m2/repository/org/springframework/spring-core/6.1.10/spring-core-6.1.10.jar:/Users/douglasdreer/.m2/repository/org/springframework/spring-jcl/6.1.10/spring-jcl-6.1.10.jar:/Users/douglasdreer/.m2/repository/org/springframework/spring-test/6.1.10/spring-test-6.1.10.jar:/Users/douglasdreer/.m2/repository/org/xmlunit/xmlunit-core/2.9.1/xmlunit-core-2.9.1.jar:/Users/douglasdreer/.m2/repository/org/modelmapper/extensions/modelmapper-spring/3.2.0/modelmapper-spring-3.2.0.jar:/Users/douglasdreer/.m2/repository/org/modelmapper/modelmapper/3.2.0/modelmapper-3.2.0.jar:/Users/douglasdreer/.m2/repository/org/sonarsource/scanner/maven/sonar-maven-plugin/4.0.0.4121/sonar-maven-plugin-4.0.0.4121.jar:/Users/douglasdreer/.m2/repository/org/sonatype/plexus/plexus-sec-dispatcher/1.4/plexus-sec-dispatcher-1.4.jar:/Users/douglasdreer/.m2/repository/org/codehaus/plexus/plexus-utils/1.5.5/plexus-utils-1.5.5.jar:/Users/douglasdreer/.m2/repository/org/sonatype/plexus/plexus-cipher/1.4/plexus-cipher-1.4.jar:/Users/douglasdreer/.m2/repository/org/sonarsource/scanner/api/sonar-scanner-api/2.16.3.1081/sonar-scanner-api-2.16.3.1081.jar:/Users/douglasdreer/.m2/repository/commons-lang/commons-lang/2.6/commons-lang-2.6.jar:/Users/douglasdreer/.m2/repository/org/jetbrains/annotations/24.1.0/annotations-24.1.0.jar:/Users/douglasdreer/.m2/repository/org/postgresql/postgresql/42.7.3/postgresql-42.7.3.jar:/Users/douglasdreer/.m2/repository/org/checkerframework/checker-qual/3.42.0/checker-qual-3.42.0.jar:"/>
    <property name="sun.cpu.endian" value="little"/>
    <property name="user.home" value="/Users/douglasdreer"/>
    <property name="user.language" value="pt"/>
    <property name="java.specification.vendor" value="Oracle Corporation"/>
    <property name="java.version.date" value="2024-04-16"/>
    <property name="java.home" value="/Users/douglasdreer/Library/Java/JavaVirtualMachines/openjdk-22.0.1/Contents/Home"/>
    <property name="file.separator" value="/"/>
    <property name="basedir" value="/Volumes/HD EXTERNO/projetos/java/Hyper"/>
    <property name="java.vm.compressedOopsMode" value="Zero based"/>
    <property name="line.separator" value="&#10;"/>
    <property name="java.vm.specification.vendor" value="Oracle Corporation"/>
    <property name="java.specification.name" value="Java Platform API Specification"/>
    <property name="FILE_LOG_CHARSET" value="UTF-8"/>
    <property name="java.awt.headless" value="true"/>
    <property name="apple.awt.application.name" value="ForkedBooter"/>
    <property name="surefire.real.class.path" value="/Volumes/HD EXTERNO/projetos/java/Hyper/target/surefire/surefirebooter-20240821235736461_3.jar"/>
    <property name="sun.management.compiler" value="HotSpot 64-Bit Tiered Compilers"/>
    <property name="ftp.nonProxyHosts" value="local|*.local|169.254/16|*.169.254/16"/>
    <property name="java.runtime.version" value="22.0.1+8-16"/>
    <property name="user.name" value="douglasdreer"/>
    <property name="stdout.encoding" value="UTF-8"/>
    <property name="path.separator" value=":"/>
    <property name="os.version" value="14.3"/>
    <property name="java.runtime.name" value="OpenJDK Runtime Environment"/>
    <property name="file.encoding" value="UTF-8"/>
    <property name="java.vm.name" value="OpenJDK 64-Bit Server VM"/>
    <property name="localRepository" value="/Users/douglasdreer/.m2/repository"/>
    <property name="java.vendor.url.bug" value="https://bugreport.java.com/bugreport/"/>
    <property name="java.io.tmpdir" value="/var/folders/hm/r7bdz8vx17n66hwdvbx7vhkc0000gn/T/"/>
    <property name="idea.version" value="2024.1.3"/>
    <property name="sonar.token" value="sqp_fd79f645b74e6d53e23ee2ce16dd699ca9ba6862"/>
    <property name="com.zaxxer.hikari.pool_number" value="4"/>
    <property name="java.version" value="22.0.1"/>
    <property name="user.dir" value="/Volumes/HD EXTERNO/projetos/java/Hyper"/>
    <property name="os.arch" value="x86_64"/>
    <property name="java.vm.specification.name" value="Java Virtual Machine Specification"/>
    <property name="PID" value="8573"/>
    <property name="CONSOLE_LOG_CHARSET" value="UTF-8"/>
    <property name="native.encoding" value="UTF-8"/>
    <property name="sonar.projectKey" value="Bank-Hyper"/>
    <property name="java.library.path" value="/Users/douglasdreer/Library/Java/Extensions:/Library/Java/Extensions:/Network/Library/Java/Extensions:/System/Library/Java/Extensions:/usr/lib/java:."/>
    <property name="java.vm.info" value="mixed mode, sharing"/>
    <property name="stderr.encoding" value="UTF-8"/>
    <property name="java.vendor" value="Oracle Corporation"/>
    <property name="java.vm.version" value="22.0.1+8-16"/>
    <property name="sun.io.unicode.encoding" value="UnicodeBig"/>
    <property name="socksNonProxyHosts" value="local|*.local|169.254/16|*.169.254/16"/>
    <property name="java.class.version" value="66.0"/>
    <property name="LOGGED_APPLICATION_NAME" value="[RomStation] "/>
  </properties>
  <testcase name="mustReturnSuccessWhenDelete" classname="br.com.dreerd.bank.hyper.controller.AddressControllerTest" time="0.012">
    <system-out><![CDATA[2024-08-21T23:57:47.879-03:00  INFO 8573 --- [RomStation] [           main] t.c.s.AnnotationConfigContextLoaderUtils : Could not detect default configuration classes for test class [br.com.dreerd.bank.hyper.controller.AddressControllerTest]: AddressControllerTest does not declare any static, non-private, non-final, nested classes annotated with @Configuration.
2024-08-21T23:57:47.883-03:00  INFO 8573 --- [RomStation] [           main] .b.t.c.SpringBootTestContextBootstrapper : Found @SpringBootConfiguration br.com.dreerd.bank.hyper.HyperApplication for test class br.com.dreerd.bank.hyper.controller.AddressControllerTest
2024-08-21T23:57:47.888-03:00  INFO 8573 --- [RomStation] [           main] o.s.b.d.r.RestartApplicationListener     : Restart disabled due to context in which it is running

  .   ____          _            __ _ _
 /\\ / ___'_ __ _ _(_)_ __  __ _ \ \ \ \
( ( )\___ | '_ | '_| | '_ \/ _` | \ \ \ \
 \\/  ___)| |_)| | | | | || (_| |  ) ) ) )
  '  |____| .__|_| |_|_| |_\__, | / / / /
 =========|_|==============|___/=/_/_/_/

 :: Spring Boot ::                (v3.3.1)

2024-08-21T23:57:47.916-03:00  INFO 8573 --- [RomStation] [           main] b.c.d.b.h.c.AddressControllerTest        : Starting AddressControllerTest using Java 22.0.1 with PID 8573 (started by douglasdreer in /Volumes/HD EXTERNO/projetos/java/Hyper)
2024-08-21T23:57:47.916-03:00  INFO 8573 --- [RomStation] [           main] b.c.d.b.h.c.AddressControllerTest        : No active profile set, falling back to 1 default profile: "default"
2024-08-21T23:57:48.162-03:00  INFO 8573 --- [RomStation] [           main] .s.d.r.c.RepositoryConfigurationDelegate : Bootstrapping Spring Data JPA repositories in DEFAULT mode.
2024-08-21T23:57:48.186-03:00  INFO 8573 --- [RomStation] [           main] .s.d.r.c.RepositoryConfigurationDelegate : Finished Spring Data repository scanning in 24 ms. Found 6 JPA repository interfaces.
2024-08-21T23:57:48.440-03:00  INFO 8573 --- [RomStation] [           main] o.hibernate.jpa.internal.util.LogHelper  : HHH000204: Processing PersistenceUnitInfo [name: default]
2024-08-21T23:57:48.443-03:00  INFO 8573 --- [RomStation] [           main] o.h.c.internal.RegionFactoryInitiator    : HHH000026: Second-level cache disabled
2024-08-21T23:57:48.453-03:00  INFO 8573 --- [RomStation] [           main] o.s.o.j.p.SpringPersistenceUnitInfo      : No LoadTimeWeaver setup: ignoring JPA class transformer
2024-08-21T23:57:48.454-03:00  INFO 8573 --- [RomStation] [           main] com.zaxxer.hikari.HikariDataSource       : HikariPool-4 - Starting...
2024-08-21T23:57:48.484-03:00  INFO 8573 --- [RomStation] [           main] com.zaxxer.hikari.pool.HikariPool        : HikariPool-4 - Added connection org.postgresql.jdbc.PgConnection@8e49207
2024-08-21T23:57:48.484-03:00  INFO 8573 --- [RomStation] [           main] com.zaxxer.hikari.HikariDataSource       : HikariPool-4 - Start completed.
2024-08-21T23:57:48.487-03:00  WARN 8573 --- [RomStation] [           main] org.hibernate.orm.deprecation            : HHH90000025: PostgreSQLDialect does not need to be specified explicitly using 'hibernate.dialect' (remove the property setting and it will be selected by default)
2024-08-21T23:57:48.719-03:00  INFO 8573 --- [RomStation] [           main] o.h.e.t.j.p.i.JtaPlatformInitiator       : HHH000489: No JTA platform available (set 'hibernate.transaction.jta.platform' to enable JTA platform integration)
2024-08-21T23:57:48.783-03:00  INFO 8573 --- [RomStation] [           main] j.LocalContainerEntityManagerFactoryBean : Initialized JPA EntityManagerFactory for persistence unit 'default'
2024-08-21T23:57:49.030-03:00  WARN 8573 --- [RomStation] [           main] JpaBaseConfiguration$JpaWebConfiguration : spring.jpa.open-in-view is enabled by default. Therefore, database queries may be performed during view rendering. Explicitly configure spring.jpa.open-in-view to disable this warning
2024-08-21T23:57:49.360-03:00  INFO 8573 --- [RomStation] [           main] o.s.b.t.m.w.SpringBootMockServletContext : Initializing Spring TestDispatcherServlet ''
2024-08-21T23:57:49.361-03:00  INFO 8573 --- [RomStation] [           main] o.s.t.web.servlet.TestDispatcherServlet  : Initializing Servlet ''
2024-08-21T23:57:49.362-03:00  INFO 8573 --- [RomStation] [           main] o.s.t.web.servlet.TestDispatcherServlet  : Completed initialization in 1 ms
2024-08-21T23:57:49.389-03:00  INFO 8573 --- [RomStation] [           main] b.c.d.b.h.c.AddressControllerTest        : Started AddressControllerTest in 1.501 seconds (process running for 12.848)

MockHttpServletRequest:
      HTTP Method = DELETE
      Request URI = /addresses/e74d0ffb-2c17-4790-98b7-bf4e3e41f507
       Parameters = {}
          Headers = [Content-Type:"application/json;charset=UTF-8"]
             Body = null
    Session Attrs = {}

Handler:
             Type = br.com.dreerd.bank.hyper.controller.AddressController
           Method = br.com.dreerd.bank.hyper.controller.AddressController#delete(UUID)

Async:
    Async started = false
     Async result = null

Resolved Exception:
             Type = null

ModelAndView:
        View name = null
             View = null
            Model = null

FlashMap:
       Attributes = null

MockHttpServletResponse:
           Status = 200
    Error message = null
          Headers = [Content-Type:"text/plain;charset=UTF-8", Content-Length:"20"]
     Content type = text/plain;charset=UTF-8
             Body = Deleted successfully
    Forwarded URL = null
   Redirected URL = null
          Cookies = []
]]></system-out>
  </testcase>
  <testcase name="mustReturnBusinessExceptionNotFoundWhenDelete" classname="br.com.dreerd.bank.hyper.controller.AddressControllerTest" time="0.011">
    <system-out><![CDATA[
MockHttpServletRequest:
      HTTP Method = DELETE
      Request URI = /addresses/f5ee9c4d-3979-451b-83c6-a15aa6a86710
       Parameters = {}
          Headers = [Content-Type:"application/json;charset=UTF-8"]
             Body = null
    Session Attrs = {}

Handler:
             Type = br.com.dreerd.bank.hyper.controller.AddressController
           Method = br.com.dreerd.bank.hyper.controller.AddressController#delete(UUID)

Async:
    Async started = false
     Async result = null

Resolved Exception:
             Type = br.com.dreerd.bank.hyper.exception.BusinessException

ModelAndView:
        View name = null
             View = null
            Model = null

FlashMap:
       Attributes = null

MockHttpServletResponse:
           Status = 200
    Error message = null
          Headers = [Content-Type:"application/json"]
     Content type = application/json
             Body = {"localDateTime":"2024-08-21T23:57:49.411545","code":"404","status":"INFO","details":"Address doesn't found"}
    Forwarded URL = null
   Redirected URL = null
          Cookies = []
]]></system-out>
  </testcase>
  <testcase name="mustReturnBusinessExceptionNotFoundWhenFindById" classname="br.com.dreerd.bank.hyper.controller.AddressControllerTest" time="0.009">
    <system-out><![CDATA[2024-08-21T23:57:49.425-03:00  INFO 8573 --- [RomStation] [           main] b.c.d.b.h.c.common.BaseController        : Address doesn't found
]]></system-out>
  </testcase>
  <testcase name="mustReturnBusinessExceptionInternalErrorWhenSave" classname="br.com.dreerd.bank.hyper.controller.AddressControllerTest" time="0.013">
    <system-out><![CDATA[
MockHttpServletRequest:
      HTTP Method = POST
      Request URI = /addresses
       Parameters = {}
          Headers = [Content-Type:"application/json;charset=UTF-8", Content-Length:"404"]
             Body = {
  "id" : "a88d4a1b-ecda-45c7-b7af-f9d5222bc043",
  "addressType" : "BUSINESS",
  "street" : "767 5th Ave",
  "number" : "",
  "complement" : "",
  "neighborhood" : "",
  "city" : "New York",
  "state" : "NY",
  "postalCode" : "10153",
  "country" : "US",
  "createdAt" : [ 2024, 8, 21, 23, 57, 49, 433060000 ],
  "updatedAt" : [ 2024, 8, 22, 4, 57, 49, 433064000 ],
  "active" : true,
  "main" : true
}
    Session Attrs = {}

Handler:
             Type = br.com.dreerd.bank.hyper.controller.AddressController
           Method = br.com.dreerd.bank.hyper.controller.AddressController#save(BaseModel, HttpServletRequest)

Async:
    Async started = false
     Async result = null

Resolved Exception:
             Type = br.com.dreerd.bank.hyper.exception.BusinessException

ModelAndView:
        View name = null
             View = null
            Model = null

FlashMap:
       Attributes = null

MockHttpServletResponse:
           Status = 200
    Error message = null
          Headers = [Content-Type:"application/json"]
     Content type = application/json
             Body = {"localDateTime":"2024-08-21T23:57:49.439117","code":"500","status":"ERROR","details":"Not has possible save operation"}
    Forwarded URL = null
   Redirected URL = null
          Cookies = []
]]></system-out>
  </testcase>
  <testcase name="mustReturnSuccessWhenEdit" classname="br.com.dreerd.bank.hyper.controller.AddressControllerTest" time="0.016">
    <system-out><![CDATA[
MockHttpServletRequest:
      HTTP Method = PUT
      Request URI = /addresses/5e03d631-6b1d-4172-856c-2b9bf9846450
       Parameters = {}
          Headers = [Content-Type:"application/json;charset=UTF-8", Content-Length:"404"]
             Body = {
  "id" : "5e03d631-6b1d-4172-856c-2b9bf9846450",
  "addressType" : "BUSINESS",
  "street" : "767 5th Ave",
  "number" : "",
  "complement" : "",
  "neighborhood" : "",
  "city" : "New York",
  "state" : "NY",
  "postalCode" : "10153",
  "country" : "US",
  "createdAt" : [ 2024, 8, 21, 23, 57, 49, 448842000 ],
  "updatedAt" : [ 2024, 8, 22, 4, 57, 49, 448846000 ],
  "active" : true,
  "main" : true
}
    Session Attrs = {}

Handler:
             Type = br.com.dreerd.bank.hyper.controller.AddressController
           Method = br.com.dreerd.bank.hyper.controller.AddressController#edit(UUID, BaseModel)

Async:
    Async started = false
     Async result = null

Resolved Exception:
             Type = null

ModelAndView:
        View name = null
             View = null
            Model = null

FlashMap:
       Attributes = null

MockHttpServletResponse:
           Status = 200
    Error message = null
          Headers = [Content-Type:"application/json"]
     Content type = application/json
             Body = {"id":"5e03d631-6b1d-4172-856c-2b9bf9846450","addressType":"BUSINESS","street":"767 5th Ave","number":"","complement":"","neighborhood":"","city":"New York","state":"NY","postalCode":"10153","country":"US","createdAt":"2024-08-21T23:57:49.448842","updatedAt":"2024-08-22T04:57:49.448846","active":true,"main":true}
    Forwarded URL = null
   Redirected URL = null
          Cookies = []
]]></system-out>
  </testcase>
  <testcase name="mustReturnSuccessWhenList" classname="br.com.dreerd.bank.hyper.controller.AddressControllerTest" time="0.009"/>
  <testcase name="mustReturnSuccessWhenSave" classname="br.com.dreerd.bank.hyper.controller.AddressControllerTest" time="0.009">
    <system-out><![CDATA[
MockHttpServletRequest:
      HTTP Method = POST
      Request URI = /addresses
       Parameters = {}
          Headers = [Content-Type:"application/json;charset=UTF-8", Content-Length:"404"]
             Body = {
  "id" : "3001d2c0-2c4b-4ae8-b1e1-e6f0e9c75caa",
  "addressType" : "BUSINESS",
  "street" : "767 5th Ave",
  "number" : "",
  "complement" : "",
  "neighborhood" : "",
  "city" : "New York",
  "state" : "NY",
  "postalCode" : "10153",
  "country" : "US",
  "createdAt" : [ 2024, 8, 21, 23, 57, 49, 476263000 ],
  "updatedAt" : [ 2024, 8, 22, 4, 57, 49, 476267000 ],
  "active" : true,
  "main" : true
}
    Session Attrs = {}

Handler:
             Type = br.com.dreerd.bank.hyper.controller.AddressController
           Method = br.com.dreerd.bank.hyper.controller.AddressController#save(BaseModel, HttpServletRequest)

Async:
    Async started = false
     Async result = null

Resolved Exception:
             Type = null

ModelAndView:
        View name = null
             View = null
            Model = null

FlashMap:
       Attributes = null

MockHttpServletResponse:
           Status = 201
    Error message = null
          Headers = [Location:"http://localhost/addresses/3001d2c0-2c4b-4ae8-b1e1-e6f0e9c75caa", Content-Type:"application/json"]
     Content type = application/json
             Body = {"id":"3001d2c0-2c4b-4ae8-b1e1-e6f0e9c75caa","addressType":"BUSINESS","street":"767 5th Ave","number":"","complement":"","neighborhood":"","city":"New York","state":"NY","postalCode":"10153","country":"US","createdAt":"2024-08-21T23:57:49.476263","updatedAt":"2024-08-22T04:57:49.476267","active":true,"main":true}
    Forwarded URL = null
   Redirected URL = http://localhost/addresses/3001d2c0-2c4b-4ae8-b1e1-e6f0e9c75caa
          Cookies = []
]]></system-out>
  </testcase>
  <testcase name="mustReturnSuccessWhenFindById" classname="br.com.dreerd.bank.hyper.controller.AddressControllerTest" time="0.009"/>
  <testcase name="mustReturnBusinessExceptionNotFoundWhenEdit" classname="br.com.dreerd.bank.hyper.controller.AddressControllerTest" time="0.011">
    <system-out><![CDATA[
MockHttpServletRequest:
      HTTP Method = PUT
      Request URI = /addresses/94d886ff-e2a0-454e-ae89-227845c68f81
       Parameters = {}
          Headers = [Content-Type:"application/json;charset=UTF-8", Content-Length:"404"]
             Body = {
  "id" : "94d886ff-e2a0-454e-ae89-227845c68f81",
  "addressType" : "BUSINESS",
  "street" : "767 5th Ave",
  "number" : "",
  "complement" : "",
  "neighborhood" : "",
  "city" : "New York",
  "state" : "NY",
  "postalCode" : "10153",
  "country" : "US",
  "createdAt" : [ 2024, 8, 21, 23, 57, 49, 496924000 ],
  "updatedAt" : [ 2024, 8, 22, 4, 57, 49, 496928000 ],
  "active" : true,
  "main" : true
}
    Session Attrs = {}

Handler:
             Type = br.com.dreerd.bank.hyper.controller.AddressController
           Method = br.com.dreerd.bank.hyper.controller.AddressController#edit(UUID, BaseModel)

Async:
    Async started = false
     Async result = null

Resolved Exception:
             Type = br.com.dreerd.bank.hyper.exception.BusinessException

ModelAndView:
        View name = null
             View = null
            Model = null

FlashMap:
       Attributes = null

MockHttpServletResponse:
           Status = 200
    Error message = null
          Headers = [Content-Type:"application/json"]
     Content type = application/json
             Body = {"localDateTime":"2024-08-21T23:57:49.500324","code":"404","status":"INFO","details":"Address doesn't found"}
    Forwarded URL = null
   Redirected URL = null
          Cookies = []
]]></system-out>
  </testcase>
</testsuite>